0 	 1	 66
0.9852087497711182	 -0.04329879209399223	 0.16579802334308624	 -0.42922115325927734
0.047993455082178116	 0.9985492825508118	 -0.024412794038653374	 0.06522518396377563
-0.16450044512748718	 0.03200891986489296	 0.9858574867248535	 0.13595366477966309
0.0	 0.0	 0.0	 1.0
0 	 2	 66
0.876029908657074	 0.03521730750799179	 0.4809691905975342	 -0.5993542671203613
0.03521730750799179	 0.9899954795837402	 -0.1366332620382309	 0.18512725830078125
-0.4809691905975342	 0.1366332620382309	 0.8660253882408142	 0.06296813488006592
0.0	 0.0	 0.0	 1.0
0 	 5	 66
0.9563611745834351	 0.026970280334353447	 0.29093971848487854	 -1.2116721868515015
0.026970280334353447	 0.9833314418792725	 -0.17981062829494476	 0.14027726650238037
-0.29093971848487854	 0.17981062829494476	 0.9396926164627075	 -0.5751941204071045
0.0	 0.0	 0.0	 1.0
0 	 6	 66
0.6522156000137329	 -0.146174356341362	 0.7438063621520996	 -0.9885652661323547
0.2565590441226959	 0.9658892750740051	 -0.035148367285728455	 0.04795217514038086
-0.7132967710494995	 0.2137545645236969	 0.667470395565033	 0.33012068271636963
0.0	 0.0	 0.0	 1.0
0 	 7	 66
0.6427876353263855	 0.0	 0.7660444378852844	 -1.1439626216888428
0.0	 1.0	 0.0	 -0.11199986934661865
-0.7660444378852844	 0.0	 0.6427876353263855	 0.4846554398536682
0.0	 0.0	 0.0	 1.0
0 	 34	 66
0.9454514384269714	 0.18608692288398743	 -0.26738211512565613	 -0.1479250192642212
-0.1559332311153412	 0.9791643023490906	 0.13008488714694977	 -0.05506378412246704
0.28601810336112976	 -0.0812951922416687	 0.954769492149353	 0.5666573643684387
0.0	 0.0	 0.0	 1.0
0 	 35	 66
0.8788188099861145	 0.28349363803863525	 -0.38380828499794006	 0.9718666076660156
-0.21650634706020355	 0.9537129402160645	 0.20870235562324524	 -0.18777978420257568
0.42520871758461	 -0.10031463205814362	 0.8995190262794495	 0.5428940057754517
0.0	 0.0	 0.0	 1.0
0 	 36	 66
0.9947512149810791	 0.05980563163757324	 -0.08302602916955948	 0.8105912208557129
-0.04751484468579292	 0.988605797290802	 0.14283165335655212	 -0.16932010650634766
0.09062214940786362	 -0.13813699781894684	 0.9862585067749023	 0.38985514640808105
0.0	 0.0	 0.0	 1.0
0 	 37	 66
0.988605797290802	 0.14283165335655212	 -0.04751484468579292	 1.0004956722259521
-0.13813699781894684	 0.9862585067749023	 0.09062214940786362	 -0.03979623317718506
0.05980563163757324	 -0.08302602916955948	 0.9947512149810791	 0.3731571435928345
0.0	 0.0	 0.0	 1.0
0 	 38	 66
0.9876678586006165	 0.03944326937198639	 0.1515139490365982	 0.6967654228210449
-0.05081624537706375	 0.9961137771606445	 0.07193785160779953	 -0.024697184562683105
-0.14808766543865204	 -0.07875006645917892	 0.9858338832855225	 0.3213392496109009
0.0	 0.0	 0.0	 1.0
0 	 46	 66
0.8695614337921143	 -0.1107325628399849	 0.4812496602535248	 0.22284281253814697
0.15213298797607422	 0.9872065782546997	 -0.0477362759411335	 -0.07442843914031982
-0.46980684995651245	 0.1147235706448555	 0.8752828240394592	 0.211317777633667
0.0	 0.0	 0.0	 1.0
0 	 47	 66
0.7883852124214172	 -0.37988269329071045	 0.4838779866695404	 -0.06983327865600586
0.26290491223335266	 0.9191703200340271	 0.2932693064212799	 -0.023327767848968506
-0.5561742186546326	 -0.10399528592824936	 0.8245333433151245	 0.3072463274002075
0.0	 0.0	 0.0	 1.0
0 	 48	 66
0.6768983602523804	 -0.47232532501220703	 0.5645506381988525	 -0.6077277660369873
0.2937191128730774	 0.8765861392021179	 0.3812161982059479	 0.13757336139678955
-0.6749353408813477	 -0.09222530573606491	 0.7320907115936279	 0.27647674083709717
0.0	 0.0	 0.0	 1.0
0 	 49	 66
0.7883852124214172	 -0.37988269329071045	 0.4838779866695404	 -0.38867688179016113
0.26290491223335266	 0.9191703200340271	 0.2932693064212799	 -0.10006904602050781
-0.5561742186546326	 -0.10399528592824936	 0.8245333433151245	 0.4848092794418335
0.0	 0.0	 0.0	 1.0
1 	 2	 66
0.9441960453987122	 0.015852732583880424	 0.3290022909641266	 -0.15265965461730957
0.015852732583880424	 0.9954965710639954	 -0.09346266090869904	 -0.017271995544433594
-0.3290022909641266	 0.09346266090869904	 0.9396926164627075	 -0.06363964080810547
0.0	 0.0	 0.0	 1.0
1 	 3	 66
0.6522156000137329	 -0.146174356341362	 0.7438063621520996	 -0.7184807062149048
0.2565590441226959	 0.9658892750740051	 -0.035148367285728455	 0.2384939193725586
-0.7132967710494995	 0.2137545645236969	 0.667470395565033	 -0.11388206481933594
0.0	 0.0	 0.0	 1.0
1 	 5	 66
0.6694623231887817	 0.09389883279800415	 0.736887514591217	 -0.21216583251953125
0.09389883279800415	 0.9733253121376038	 -0.20933429896831512	 0.01460111141204834
-0.736887514591217	 0.20933429896831512	 0.6427876353263855	 -0.16902220249176025
0.0	 0.0	 0.0	 1.0
1 	 6	 66
0.8695614337921143	 -0.1107325628399849	 0.4812496602535248	 -0.25525450706481934
0.15213298797607422	 0.9872065782546997	 -0.0477362759411335	 0.0024248361587524414
-0.46980684995651245	 0.1147235706448555	 0.8752828240394592	 0.0023517608642578125
0.0	 0.0	 0.0	 1.0
1 	 7	 66
0.7835149765014648	 0.06149885803461075	 0.6183220744132996	 -0.4224534034729004
0.06149885803461075	 0.9825294613838196	 -0.17565234005451202	 0.19438862800598145
-0.6183220744132996	 0.17565234005451202	 0.7660444378852844	 0.3662431240081787
0.0	 0.0	 0.0	 1.0
1 	 34	 66
0.9454514384269714	 0.18608692288398743	 -0.26738211512565613	 -0.1479250192642212
-0.1559332311153412	 0.9791643023490906	 0.13008488714694977	 -0.07306379079818726
0.28601810336112976	 -0.0812951922416687	 0.954769492149353	 0.5006574392318726
0.0	 0.0	 0.0	 1.0
1 	 35	 66
0.7883852124214172	 0.37988269329071045	 -0.4838779866695404	 1.180490493774414
-0.26290491223335266	 0.9191703200340271	 0.2932693064212799	 -0.40309691429138184
0.5561742186546326	 -0.10399528592824936	 0.8245333433151245	 0.6737728118896484
0.0	 0.0	 0.0	 1.0
1 	 36	 66
0.9454514384269714	 0.18608692288398743	 -0.26738211512565613	 1.149867296218872
-0.1559332311153412	 0.9791643023490906	 0.13008488714694977	 -0.20439410209655762
0.28601810336112976	 -0.0812951922416687	 0.954769492149353	 0.4748070240020752
0.0	 0.0	 0.0	 1.0
1 	 37	 66
0.9454514384269714	 0.18608692288398743	 -0.26738211512565613	 1.4909892082214355
-0.1559332311153412	 0.9791643023490906	 0.13008488714694977	 -0.22226667404174805
0.28601810336112976	 -0.0812951922416687	 0.954769492149353	 0.6094237565994263
0.0	 0.0	 0.0	 1.0
1 	 38	 66
0.9958009719848633	 0.09129224717617035	 0.0067941793240606785	 1.1215415000915527
-0.09129224717617035	 0.9848077297210693	 0.14771395921707153	 -0.26834332942962646
0.0067941793240606785	 -0.14771395921707153	 0.989006757736206	 0.47561895847320557
0.0	 0.0	 0.0	 1.0
1 	 45	 66
0.19545824825763702	 0.13119365274906158	 -0.9718972444534302	 2.697458267211914
-0.3865504264831543	 0.9210904240608215	 0.046596236526966095	 -0.42067766189575195
0.901318371295929	 0.36657968163490295	 0.23074768483638763	 0.8560659885406494
0.0	 0.0	 0.0	 1.0
1 	 46	 66
0.9510460495948792	 -0.06631509959697723	 0.30185049772262573	 0.6732850074768066
0.11146143823862076	 0.9845731854438782	 -0.13487768173217773	 0.007029533386230469
-0.28824949264526367	 0.16191957890987396	 0.9437659978866577	 0.20287632942199707
0.0	 0.0	 0.0	 1.0
1 	 47	 66
0.8788188099861145	 -0.28349363803863525	 0.38380828499794006	 0.10860157012939453
0.21650634706020355	 0.9537129402160645	 0.20870235562324524	 0.06491601467132568
-0.42520871758461	 -0.10031463205814362	 0.8995190262794495	 0.22254526615142822
0.0	 0.0	 0.0	 1.0
1 	 48	 66
0.7883852124214172	 -0.37988269329071045	 0.4838779866695404	 -0.26203274726867676
0.26290491223335266	 0.9191703200340271	 0.2932693064212799	 0.33074599504470825
-0.5561742186546326	 -0.10399528592824936	 0.8245333433151245	 0.15781760215759277
0.0	 0.0	 0.0	 1.0
1 	 49	 66
0.8788188099861145	 -0.28349363803863525	 0.38380828499794006	 -0.09764635562896729
0.21650634706020355	 0.9537129402160645	 0.20870235562324524	 0.012540340423583984
-0.42520871758461	 -0.10031463205814362	 0.8995190262794495	 0.37612295150756836
0.0	 0.0	 0.0	 1.0
2 	 3	 66
0.9848077297210693	 -0.09129224717617035	 0.14771395921707153	 0.35588538646698
0.09129224717617035	 0.9958009719848633	 0.0067941793240606785	 0.18014216423034668
-0.14771395921707153	 0.0067941793240606785	 0.989006757736206	 -0.08327901363372803
0.0	 0.0	 0.0	 1.0
2 	 5	 66
0.8695614337921143	 -0.1107325628399849	 0.4812496602535248	 0.09464514255523682
0.15213298797607422	 0.9872065782546997	 -0.0477362759411335	 -0.05648183822631836
-0.46980684995651245	 0.1147235706448555	 0.8752828240394592	 -0.19365382194519043
0.0	 0.0	 0.0	 1.0
2 	 6	 66
0.9851996898651123	 -0.12360205501317978	 0.11876057833433151	 0.010880231857299805
0.12021611630916595	 0.9921202659606934	 0.03529135137796402	 -0.003503561019897461
-0.12218685448169708	 -0.02049209550023079	 0.9922955632209778	 0.04620063304901123
0.0	 0.0	 0.0	 1.0
2 	 7	 66
0.9852087497711182	 0.047993455082178116	 0.16450044512748718	 -0.03717374801635742
-0.04329879209399223	 0.9985492825508118	 -0.03200891986489296	 0.06007504463195801
-0.16579802334308624	 0.024412794038653374	 0.9858574867248535	 0.28618311882019043
0.0	 0.0	 0.0	 1.0
2 	 8	 66
0.9876678586006165	 -0.05081624537706375	 0.14808766543865204	 -0.5604593753814697
0.03944326937198639	 0.9961137771606445	 0.07875006645917892	 -0.17724275588989258
-0.1515139490365982	 -0.07193785160779953	 0.9858338832855225	 0.7279267907142639
0.0	 0.0	 0.0	 1.0
2 	 35	 66
0.513196587562561	 0.30490249395370483	 -0.8022865653038025	 1.2082438468933105
-0.150394007563591	 0.9522542357444763	 0.26569435000419617	 -0.18287408351898193
0.8449916243553162	 -0.015694355592131615	 0.5345491766929626	 1.2859086990356445
0.0	 0.0	 0.0	 1.0
2 	 36	 66
0.9563611745834351	 0.026970280334353447	 -0.29093971848487854	 0.8760396242141724
0.026970280334353447	 0.9833314418792725	 0.17981062829494476	 -0.04121804237365723
0.29093971848487854	 -0.17981062829494476	 0.9396926164627075	 0.6772549748420715
0.0	 0.0	 0.0	 1.0
2 	 37	 66
0.8912473917007446	 0.180092915892601	 -0.41622671484947205	 1.1658656597137451
-0.07979899644851685	 0.9657288789749146	 0.2469814568758011	 -0.1592411994934082
0.44644176959991455	 -0.186907097697258	 0.875074565410614	 0.9650766253471375
0.0	 0.0	 0.0	 1.0
2 	 38	 66
0.9687204360961914	 0.0843096524477005	 -0.2333935797214508	 0.931635856628418
-0.025562290102243423	 0.9694162607192993	 0.24408741295337677	 -0.15376198291778564
0.24683447182178497	 -0.23048639297485352	 0.9412485361099243	 0.860251247882843
0.0	 0.0	 0.0	 1.0
2 	 45	 66
0.9682546257972717	 -0.18338212370872498	 0.1698646992444992	 0.5401957035064697
0.21868667006492615	 0.9506023526191711	 -0.22029832005500793	 -0.026360392570495605
-0.12107501178979874	 0.2504520118236542	 0.9605283141136169	 0.3756992816925049
0.0	 0.0	 0.0	 1.0
2 	 46	 66
0.9848077297210693	 -0.14771395921707153	 0.09129224717617035	 0.498288631439209
0.14771395921707153	 0.989006757736206	 0.0067941793240606785	 -0.03555905818939209
-0.09129224717617035	 0.0067941793240606785	 0.9958009719848633	 0.4334338903427124
0.0	 0.0	 0.0	 1.0
2 	 47	 66
0.9845731854438782	 -0.16191957890987396	 0.06631509959697723	 0.27571916580200195
0.13487768173217773	 0.9437659978866577	 0.30185049772262573	 0.05918538570404053
-0.11146143823862076	 -0.28824949264526367	 0.9510460495948792	 0.4356182813644409
0.0	 0.0	 0.0	 1.0
2 	 48	 66
0.9657288789749146	 -0.2469814568758011	 0.07979899644851685	 0.09538114070892334
0.186907097697258	 0.875074565410614	 0.44644176959991455	 0.11030113697052002
-0.180092915892601	 -0.41622671484947205	 0.8912473917007446	 0.17052018642425537
0.0	 0.0	 0.0	 1.0
2 	 49	 66
0.9845731854438782	 -0.16191957890987396	 0.06631509959697723	 -0.07090544700622559
0.13487768173217773	 0.9437659978866577	 0.30185049772262573	 0.04459834098815918
-0.11146143823862076	 -0.28824949264526367	 0.9510460495948792	 0.438193678855896
0.0	 0.0	 0.0	 1.0
3 	 4	 66
0.9859422445297241	 0.003993518650531769	 0.16703884303569794	 0.2820148468017578
0.003993518650531769	 0.99886554479599	 -0.047452233731746674	 -0.04810798168182373
-0.16703884303569794	 0.047452233731746674	 0.9848077297210693	 -0.02969181537628174
0.0	 0.0	 0.0	 1.0
3 	 5	 66
0.9961137771606445	 0.07875006645917892	 0.03944326937198639	 0.14870238304138184
-0.07193785160779953	 0.9858338832855225	 -0.1515139490365982	 -0.16140329837799072
-0.05081624537706375	 0.14808766543865204	 0.9876678586006165	 -0.04831492900848389
0.0	 0.0	 0.0	 1.0
3 	 6	 66
1.0	 0.0	 0.0	 -0.04200005531311035
0.0	 1.0	 0.0	 -0.06999993324279785
0.0	 0.0	 1.0	 -0.016000032424926758
0.0	 0.0	 0.0	 1.0
3 	 7	 66
0.9412485361099243	 0.2333935797214508	 -0.24408741295337677	 0.9152708053588867
-0.24683447182178497	 0.9687204360961914	 -0.025562290102243423	 -0.027493000030517578
0.23048639297485352	 0.0843096524477005	 0.9694162607192993	 -0.10354924201965332
0.0	 0.0	 0.0	 1.0
3 	 38	 66
0.9961137771606445	 0.07875006645917892	 -0.03944326937198639	 0.28292548656463623
-0.07193785160779953	 0.9858338832855225	 0.1515139490365982	 -0.16929161548614502
0.05081624537706375	 -0.14808766543865204	 0.9876678586006165	 0.8064804673194885
0.0	 0.0	 0.0	 1.0
3 	 39	 66
0.9510460495948792	 0.11146143823862076	 -0.28824949264526367	 1.0747394561767578
-0.06631509959697723	 0.9845731854438782	 0.16191957890987396	 -0.3761770725250244
0.30185049772262573	 -0.13487768173217773	 0.9437659978866577	 1.264167308807373
0.0	 0.0	 0.0	 1.0
3 	 43	 66
0.9412842988967896	 -0.0992233157157898	 0.32270506024360657	 0.7530810832977295
0.08058731257915497	 0.9942411780357361	 0.07064138352870941	 -0.4638075828552246
-0.3278559148311615	 -0.04048769548535347	 0.9438597559928894	 0.9193333983421326
0.0	 0.0	 0.0	 1.0
3 	 45	 66
0.876029908657074	 -0.03521730750799179	 -0.4809691905975342	 1.609346866607666
-0.03521730750799179	 0.9899954795837402	 -0.1366332620382309	 -0.43763017654418945
0.4809691905975342	 0.1366332620382309	 0.8660253882408142	 0.5987287163734436
0.0	 0.0	 0.0	 1.0
3 	 46	 66
0.9852087497711182	 0.04329879209399223	 -0.16579802334308624	 0.45615851879119873
-0.047993455082178116	 0.9985492825508118	 -0.024412794038653374	 -0.19629359245300293
0.16450044512748718	 0.03200891986489296	 0.9858574867248535	 0.6048942804336548
0.0	 0.0	 0.0	 1.0
3 	 47	 66
0.9791643023490906	 -0.13008488714694977	 0.1559332311153412	 -0.3957746624946594
0.0812951922416687	 0.954769492149353	 0.28601810336112976	 -0.08679413795471191
-0.18608692288398743	 -0.26738211512565613	 0.9454514384269714	 0.5323328971862793
0.0	 0.0	 0.0	 1.0
3 	 48	 66
0.9537129402160645	 -0.20870235562324524	 0.21650634706020355	 -0.9500141143798828
0.10031463205814362	 0.8995190262794495	 0.42520871758461	 -0.08729922771453857
-0.28349363803863525	 -0.38380828499794006	 0.8788188099861145	 0.5875194072723389
0.0	 0.0	 0.0	 1.0
4 	 5	 66
0.9510460495948792	 0.06631509959697723	 -0.30185049772262573	 0.7696142196655273
-0.11146143823862076	 0.9845731854438782	 -0.13487768173217773	 -0.025196313858032227
0.28824949264526367	 0.16191957890987396	 0.9437659978866577	 0.028066396713256836
0.0	 0.0	 0.0	 1.0
4 	 39	 66
0.8100887537002563	 0.2546253204345703	 -0.528130829334259	 0.9850802421569824
-0.07948527485132217	 0.9401534199714661	 0.3313511610031128	 -0.5246424078941345
0.580894410610199	 -0.22644522786140442	 0.7818467020988464	 1.625178337097168
0.0	 0.0	 0.0	 1.0
4 	 40	 66
0.9958009719848633	 0.0067941793240606785	 -0.09129224717617035	 -0.08956766128540039
0.0067941793240606785	 0.989006757736206	 0.14771395921707153	 -0.24103474617004395
0.09129224717617035	 -0.14771395921707153	 0.9848077297210693	 1.468263864517212
0.0	 0.0	 0.0	 1.0
4 	 41	 66
0.8912473917007446	 -0.180092915892601	 0.41622671484947205	 -0.19321608543395996
0.07979899644851685	 0.9657288789749146	 0.2469814568758011	 -0.4069633483886719
-0.44644176959991455	 -0.186907097697258	 0.875074565410614	 1.3854987621307373
0.0	 0.0	 0.0	 1.0
4 	 42	 66
0.9510460495948792	 -0.06631509959697723	 0.30185049772262573	 -0.02104640007019043
0.11146143823862076	 0.9845731854438782	 -0.13487768173217773	 -0.3963371515274048
-0.28824949264526367	 0.16191957890987396	 0.9437659978866577	 1.187619686126709
0.0	 0.0	 0.0	 1.0
4 	 43	 66
0.9875560402870178	 -0.12330117076635361	 0.09762098640203476	 0.05732405185699463
0.11570504307746887	 0.990056574344635	 0.08000237494707108	 -0.3008488416671753
-0.10651468485593796	 -0.06771159172058105	 0.9920029044151306	 1.192550778388977
0.0	 0.0	 0.0	 1.0
4 	 46	 66
0.9848077297210693	 -0.09129224717617035	 0.14771395921707153	 -0.9156895875930786
0.09129224717617035	 0.9958009719848633	 0.0067941793240606785	 -0.1985381841659546
-0.14771395921707153	 0.0067941793240606785	 0.989006757736206	 0.9920105934143066
0.0	 0.0	 0.0	 1.0
4 	 47	 66
0.9954965710639954	 -0.09346266090869904	 -0.015852732583880424	 -0.6711169481277466
0.09346266090869904	 0.9396926164627075	 0.3290022909641266	 -0.04100441932678223
-0.015852732583880424	 -0.3290022909641266	 0.9441960453987122	 0.5280144214630127
0.0	 0.0	 0.0	 1.0
4 	 48	 66
0.8468741178512573	 -0.3680309057235718	 0.38387173414230347	 -1.864167332649231
0.17875689268112183	 0.8768473863601685	 0.44630107283592224	 -0.07982492446899414
-0.5008494853973389	 -0.30934110283851624	 0.8083673715591431	 1.0906431674957275
0.0	 0.0	 0.0	 1.0
5 	 6	 66
0.9510460495948792	 -0.06631509959697723	 -0.30185049772262573	 -0.1835618019104004
0.11146143823862076	 0.9845731854438782	 0.13487768173217773	 0.08745682239532471
0.28824949264526367	 -0.16191957890987396	 0.9437659978866577	 0.09500062465667725
0.0	 0.0	 0.0	 1.0
5 	 7	 66
0.9454514384269714	 0.18608692288398743	 -0.26738211512565613	 -0.43101966381073
-0.1559332311153412	 0.9791643023490906	 0.13008488714694977	 0.03697860240936279
0.28601810336112976	 -0.0812951922416687	 0.954769492149353	 0.3039360046386719
0.0	 0.0	 0.0	 1.0
5 	 38	 66
0.7100361585617065	 0.33279407024383545	 -0.6205616593360901	 0.4907013177871704
-0.06538344919681549	 0.908623993396759	 0.4124651551246643	 -0.11696016788482666
0.7011231184005737	 -0.2522906959056854	 0.6669151186943054	 1.3934383392333984
0.0	 0.0	 0.0	 1.0
5 	 39	 66
0.9305115938186646	 0.14556550979614258	 -0.33609357476234436	 1.03513765335083
-0.015056530945003033	 0.9320573806762695	 0.3619977533817291	 -0.13599097728729248
0.36595287919044495	 -0.3317826986312866	 0.8694818615913391	 1.3788187503814697
0.0	 0.0	 0.0	 1.0
5 	 43	 66
0.9454514384269714	 -0.18608692288398743	 0.26738211512565613	 0.45626330375671387
0.1559332311153412	 0.9791643023490906	 0.13008488714694977	 0.10816037654876709
-0.28601810336112976	 -0.0812951922416687	 0.954769492149353	 1.035984754562378
0.0	 0.0	 0.0	 1.0
5 	 45	 66
0.8695614337921143	 -0.15213298797607422	 -0.46980684995651245	 1.45735764503479
0.1107325628399849	 0.9872065782546997	 -0.1147235706448555	 0.08600366115570068
0.4812496602535248	 0.0477362759411335	 0.8752828240394592	 0.6831204891204834
0.0	 0.0	 0.0	 1.0
5 	 46	 66
0.876029908657074	 0.03521730750799179	 -0.4809691905975342	 0.20003736019134521
0.03521730750799179	 0.9899954795837402	 0.1366332620382309	 0.03252136707305908
0.4809691905975342	 -0.1366332620382309	 0.8660253882408142	 0.8923145532608032
0.0	 0.0	 0.0	 1.0
5 	 47	 66
0.5477457642555237	 -0.5580127239227295	 0.6233749985694885	 -1.7447978258132935
0.3080126941204071	 0.8272542357444763	 0.46987080574035645	 -0.1843109130859375
-0.7778835296630859	 -0.06536231935024261	 0.625	 2.1690940856933594
0.0	 0.0	 0.0	 1.0
5 	 48	 66
0.25255775451660156	 -0.6989918351173401	 0.6690478324890137	 -2.5217132568359375
0.28581592440605164	 0.7145024538040161	 0.6385886669158936	 -0.2426239252090454
-0.9244045615196228	 0.029944002628326416	 0.38023611903190613	 2.2438225746154785
0.0	 0.0	 0.0	 1.0
5 	 49	 66
0.5477457642555237	 -0.5580127239227295	 0.6233749985694885	 -1.9201598167419434
0.3080126941204071	 0.8272542357444763	 0.46987080574035645	 -0.1967458724975586
-0.7778835296630859	 -0.06536231935024261	 0.625	 1.9382249116897583
0.0	 0.0	 0.0	 1.0
6 	 7	 66
0.988605797290802	 0.14283165335655212	 0.04751484468579292	 -0.09478878974914551
-0.13813699781894684	 0.9862585067749023	 -0.09062214940786362	 0.09505665302276611
-0.05980563163757324	 0.08302602916955948	 0.9947512149810791	 0.23026609420776367
0.0	 0.0	 0.0	 1.0
6 	 35	 66
0.9605283141136169	 0.1698646992444992	 -0.22029832005500793	 0.483534574508667
-0.12107501178979874	 0.9682546257972717	 0.21868667006492615	 -0.22680294513702393
0.2504520118236542	 -0.18338212370872498	 0.9506023526191711	 0.7777481079101562
0.0	 0.0	 0.0	 1.0
6 	 36	 66
0.9985492825508118	 0.03200891986489296	 -0.04329879209399223	 0.13466906547546387
-0.024412794038653374	 0.9858574867248535	 0.16579802334308624	 -0.10327434539794922
0.047993455082178116	 -0.16450044512748718	 0.9852087497711182	 0.5704085826873779
0.0	 0.0	 0.0	 1.0
6 	 37	 66
0.9605283141136169	 0.1698646992444992	 -0.22029832005500793	 0.6719119548797607
-0.12107501178979874	 0.9682546257972717	 0.21868667006492615	 -0.1986173391342163
0.2504520118236542	 -0.18338212370872498	 0.9506023526191711	 0.7551052570343018
0.0	 0.0	 0.0	 1.0
6 	 38	 66
0.9605283141136169	 0.1698646992444992	 -0.22029832005500793	 0.6540453433990479
-0.12107501178979874	 0.9682546257972717	 0.21868667006492615	 -0.23277318477630615
0.2504520118236542	 -0.18338212370872498	 0.9506023526191711	 0.876390814781189
0.0	 0.0	 0.0	 1.0
6 	 39	 66
0.9985492825508118	 0.03200891986489296	 -0.04329879209399223	 0.7592356204986572
-0.024412794038653374	 0.9858574867248535	 0.16579802334308624	 -0.3440093994140625
0.047993455082178116	 -0.16450044512748718	 0.9852087497711182	 1.2767345905303955
0.0	 0.0	 0.0	 1.0
6 	 44	 66
0.9852087497711182	 -0.047993455082178116	 0.16450044512748718	 0.7845399379730225
0.04329879209399223	 0.9985492825508118	 0.03200891986489296	 -0.26738035678863525
-0.16579802334308624	 -0.024412794038653374	 0.9858574867248535	 0.5011805891990662
0.0	 0.0	 0.0	 1.0
6 	 45	 66
0.9687204360961914	 -0.0843096524477005	 -0.2333935797214508	 0.9543898105621338
0.025562290102243423	 0.9694162607192993	 -0.24408741295337677	 -0.1635352373123169
0.24683447182178497	 0.23048639297485352	 0.9412485361099243	 0.6500768661499023
0.0	 0.0	 0.0	 1.0
6 	 46	 66
0.9852087497711182	 0.047993455082178116	 -0.16450044512748718	 0.5647927522659302
-0.04329879209399223	 0.9985492825508118	 0.03200891986489296	 -0.2542531490325928
0.16579802334308624	 -0.024412794038653374	 0.9858574867248535	 0.6690435409545898
0.0	 0.0	 0.0	 1.0
6 	 47	 66
1.0	 0.0	 0.0	 0.17599999904632568
0.0	 0.9396926164627075	 0.3420201539993286	 -0.1313190460205078
0.0	 -0.3420201539993286	 0.9396926164627075	 0.45098042488098145
0.0	 0.0	 0.0	 1.0
6 	 48	 66
1.0	 0.0	 0.0	 0.41999995708465576
0.0	 0.9396926164627075	 0.3420201539993286	 0.0917816162109375
0.0	 -0.3420201539993286	 0.9396926164627075	 0.6064633131027222
0.0	 0.0	 0.0	 1.0
6 	 49	 66
0.9942411780357361	 -0.07064138352870941	 0.08058731257915497	 -0.30684953927993774
0.04048769548535347	 0.9438597559928894	 0.3278559148311615	 -0.06871938705444336
-0.0992233157157898	 -0.32270506024360657	 0.9412842988967896	 0.3717118501663208
0.0	 0.0	 0.0	 1.0
7 	 37	 66
0.876029908657074	 0.03521730750799179	 -0.4809691905975342	 1.0685336589813232
0.03521730750799179	 0.9899954795837402	 0.1366332620382309	 0.11007857322692871
0.4809691905975342	 -0.1366332620382309	 0.8660253882408142	 0.702662467956543
0.0	 0.0	 0.0	 1.0
7 	 38	 66
0.876029908657074	 0.03521730750799179	 -0.4809691905975342	 1.0094311237335205
0.03521730750799179	 0.9899954795837402	 0.1366332620382309	 0.026366710662841797
0.4809691905975342	 -0.1366332620382309	 0.8660253882408142	 0.8664885759353638
0.0	 0.0	 0.0	 1.0
7 	 39	 66
0.9510460495948792	 -0.06631509959697723	 -0.30185049772262573	 1.4344494342803955
0.11146143823862076	 0.9845731854438782	 0.13487768173217773	 0.045587778091430664
0.28824949264526367	 -0.16191957890987396	 0.9437659978866577	 1.0146820545196533
0.0	 0.0	 0.0	 1.0
7 	 44	 66
0.9396926164627075	 -0.3290022909641266	 0.09346266090869904	 0.8766601085662842
0.3290022909641266	 0.9441960453987122	 0.015852732583880424	 0.15123963356018066
-0.09346266090869904	 0.015852732583880424	 0.9954965710639954	 0.37997865676879883
0.0	 0.0	 0.0	 1.0
7 	 45	 66
0.954769492149353	 -0.28601810336112976	 -0.0812951922416687	 0.8323919773101807
0.26738211512565613	 0.9454514384269714	 -0.18608692288398743	 -0.05878126621246338
0.13008488714694977	 0.1559332311153412	 0.9791643023490906	 0.3205387592315674
0.0	 0.0	 0.0	 1.0
7 	 46	 66
0.9851996898651123	 -0.12021611630916595	 -0.12218685448169708	 0.5611594915390015
0.12360205501317978	 0.9921202659606934	 0.02049209550023079	 -0.048070430755615234
0.11876057833433151	 -0.03529135137796402	 0.9922955632209778	 0.3588026762008667
0.0	 0.0	 0.0	 1.0
7 	 47	 66
0.9694162607192993	 -0.23048639297485352	 -0.0843096524477005	 0.24165046215057373
0.24408741295337677	 0.9412485361099243	 0.2333935797214508	 0.24781465530395508
0.025562290102243423	 -0.24683447182178497	 0.9687204360961914	 0.19409072399139404
0.0	 0.0	 0.0	 1.0
7 	 48	 66
0.9629703164100647	 -0.2628655433654785	 -0.05991525948047638	 -0.24957060813903809
0.2628655433654785	 0.8660253882408142	 0.4253253936767578	 0.03905928134918213
-0.05991525948047638	 -0.4253253936767578	 0.9030550718307495	 0.15806400775909424
0.0	 0.0	 0.0	 1.0
7 	 49	 66
0.9694162607192993	 -0.23048639297485352	 -0.0843096524477005	 -0.08021914958953857
0.24408741295337677	 0.9412485361099243	 0.2333935797214508	 0.2515442371368408
0.025562290102243423	 -0.24683447182178497	 0.9687204360961914	 0.06704246997833252
0.0	 0.0	 0.0	 1.0
8 	 37	 66
0.7722193002700806	 0.20511484146118164	 -0.6013362407684326	 1.6812701225280762
-0.13281859457492828	 0.9776592254638672	 0.16291606426239014	 -0.010919332504272461
0.6213184595108032	 -0.04593828693032265	 0.7822103500366211	 0.5546607971191406
0.0	 0.0	 0.0	 1.0
8 	 38	 66
0.8695614337921143	 0.15213298797607422	 -0.46980684995651245	 1.543802261352539
-0.1107325628399849	 0.9872065782546997	 0.1147235706448555	 0.03988659381866455
0.4812496602535248	 -0.0477362759411335	 0.8752828240394592	 0.502231240272522
0.0	 0.0	 0.0	 1.0
8 	 39	 66
0.9985492825508118	 -0.024412794038653374	 -0.047993455082178116	 1.424487590789795
0.03200891986489296	 0.9858574867248535	 0.16450044512748718	 -0.21001076698303223
0.04329879209399223	 -0.16579802334308624	 0.9852087497711182	 0.5925443172454834
0.0	 0.0	 0.0	 1.0
8 	 44	 66
0.9848077297210693	 -0.09129224717617035	 0.14771395921707153	 1.221595287322998
0.09129224717617035	 0.9958009719848633	 0.0067941793240606785	 -0.12062716484069824
-0.14771395921707153	 0.0067941793240606785	 0.989006757736206	 -0.01495826244354248
0.0	 0.0	 0.0	 1.0
8 	 45	 66
0.989006757736206	 -0.0067941793240606785	 -0.14771395921707153	 1.322392463684082
-0.0067941793240606785	 0.9958009719848633	 -0.09129224717617035	 -0.4490315914154053
0.14771395921707153	 0.09129224717617035	 0.9848077297210693	 -0.046361327171325684
0.0	 0.0	 0.0	 1.0
8 	 46	 66
0.9876678586006165	 -0.05081624537706375	 -0.14808766543865204	 1.1887736320495605
0.03944326937198639	 0.9961137771606445	 -0.07875006645917892	 0.11162328720092773
0.1515139490365982	 0.07193785160779953	 0.9858338832855225	 -0.03588736057281494
0.0	 0.0	 0.0	 1.0
8 	 47	 66
0.9694162607192993	 -0.24408741295337677	 0.025562290102243423	 0.5917186737060547
0.23048639297485352	 0.9412485361099243	 0.24683447182178497	 0.19252729415893555
-0.0843096524477005	 -0.2333935797214508	 0.9687204360961914	 -0.2586859464645386
0.0	 0.0	 0.0	 1.0
8 	 48	 66
-0.1736481785774231	 0.9848077297210693	 0.0	 1.5350582599639893
-0.9848077297210693	 -0.1736481785774231	 0.0	 -0.6122736930847168
0.0	 0.0	 1.0	 1.0059998035430908
0.0	 0.0	 0.0	 1.0
8 	 49	 66
0.9942411780357361	 -0.07064138352870941	 0.08058731257915497	 0.28715038299560547
0.04048769548535347	 0.9438597559928894	 0.3278559148311615	 0.0012805461883544922
-0.0992233157157898	 -0.32270506024360657	 0.9412842988967896	 -0.25028812885284424
0.0	 0.0	 0.0	 1.0
8 	 50	 66
0.9876678586006165	 -0.03944326937198639	 0.1515139490365982	 -0.1545577049255371
0.05081624537706375	 0.9961137771606445	 -0.07193785160779953	 0.00442194938659668
-0.14808766543865204	 0.07875006645917892	 0.9858338832855225	 0.09713304042816162
0.0	 0.0	 0.0	 1.0
8 	 51	 66
0.9859422445297241	 0.003993518650531769	 0.16703884303569794	 -0.5413358211517334
0.003993518650531769	 0.99886554479599	 -0.047452233731746674	 -0.057193636894226074
-0.16703884303569794	 0.047452233731746674	 0.9848077297210693	 0.2861661911010742
0.0	 0.0	 0.0	 1.0
9 	 10	 66
0.9985492825508118	 -0.024412794038653374	 -0.047993455082178116	 -0.3340029716491699
0.03200891986489296	 0.9858574867248535	 0.16450044512748718	 0.053896546363830566
0.04329879209399223	 -0.16579802334308624	 0.9852087497711182	 0.5471866130828857
0.0	 0.0	 0.0	 1.0
9 	 51	 66
0.9958009719848633	 0.0067941793240606785	 -0.09129224717617035	 0.38341033458709717
0.0067941793240606785	 0.989006757736206	 0.14771395921707153	 0.030507206916809082
0.09129224717617035	 -0.14771395921707153	 0.9848077297210693	 -0.07992756366729736
0.0	 0.0	 0.0	 1.0
9 	 52	 66
0.9920029044151306	 -0.10651468485593796	 0.06771159172058105	 -0.2569824457168579
0.09762098640203476	 0.9875560402870178	 0.12330117076635361	 0.08132493495941162
-0.08000237494707108	 -0.11570504307746887	 0.990056574344635	 0.19966328144073486
0.0	 0.0	 0.0	 1.0
9 	 53	 66
0.990056574344635	 -0.08000237494707108	 0.11570504307746887	 -0.4478038549423218
0.06771159172058105	 0.9920029044151306	 0.10651468485593796	 0.04308211803436279
-0.12330117076635361	 -0.09762098640203476	 0.9875560402870178	 0.4951934814453125
0.0	 0.0	 0.0	 1.0
10 	 11	 66
0.9876678586006165	 -0.05081624537706375	 -0.14808766543865204	 0.07439899444580078
0.03944326937198639	 0.9961137771606445	 -0.07875006645917892	 -0.09676945209503174
0.1515139490365982	 0.07193785160779953	 0.9858338832855225	 0.41878342628479004
0.0	 0.0	 0.0	 1.0
10 	 51	 66
0.9921202659606934	 0.02049209550023079	 -0.12360205501317978	 0.4222590923309326
-0.03529135137796402	 0.9922955632209778	 -0.11876057833433151	 0.21627366542816162
0.12021611630916595	 0.12218685448169708	 0.9851996898651123	 -0.18964898586273193
0.0	 0.0	 0.0	 1.0
10 	 52	 66
0.990056574344635	 -0.06771159172058105	 0.12330117076635361	 0.0529559850692749
0.08000237494707108	 0.9920029044151306	 -0.09762098640203476	 0.21973085403442383
-0.11570504307746887	 0.10651468485593796	 0.9875560402870178	 -0.23779773712158203
0.0	 0.0	 0.0	 1.0
10 	 53	 66
0.9852087497711182	 -0.04329879209399223	 0.16579802334308624	 -0.14783787727355957
0.047993455082178116	 0.9985492825508118	 -0.024412794038653374	 -0.13350093364715576
-0.16450044512748718	 0.03200891986489296	 0.9858574867248535	 0.05830991268157959
0.0	 0.0	 0.0	 1.0
10 	 54	 66
0.9985492825508118	 0.024412794038653374	 -0.047993455082178116	 -0.1247403621673584
-0.03200891986489296	 0.9858574867248535	 -0.16450044512748718	 -0.3389723300933838
0.04329879209399223	 0.16579802334308624	 0.9852087497711182	 0.36495471000671387
0.0	 0.0	 0.0	 1.0
11 	 12	 66
0.9687204360961914	 0.025562290102243423	 -0.24683447182178497	 0.00353848934173584
-0.0843096524477005	 0.9694162607192993	 -0.23048639297485352	 -0.09019851684570312
0.2333935797214508	 0.24408741295337677	 0.9412485361099243	 0.13660264015197754
0.0	 0.0	 0.0	 1.0
11 	 52	 66
0.9848077297210693	 0.0	 0.1736481785774231	 -0.4711480140686035
0.0	 1.0	 0.0	 0.0700000524520874
-0.1736481785774231	 0.0	 0.9848077297210693	 -0.14628589153289795
0.0	 0.0	 0.0	 1.0
11 	 53	 66
0.9396926164627075	 0.0	 0.3420201539993286	 -0.3832310438156128
0.0	 1.0	 0.0	 0.0700000524520874
-0.3420201539993286	 0.0	 0.9396926164627075	 -0.2879769802093506
0.0	 0.0	 0.0	 1.0
11 	 54	 66
0.9947512149810791	 0.05980563163757324	 0.08302602916955948	 -0.18490087985992432
-0.04751484468579292	 0.988605797290802	 -0.14283165335655212	 -0.052094221115112305
-0.09062214940786362	 0.13813699781894684	 0.9862585067749023	 -0.022269845008850098
0.0	 0.0	 0.0	 1.0
11 	 55	 66
0.9862585067749023	 0.08302602916955948	 -0.14283165335655212	 -0.06484818458557129
-0.09062214940786362	 0.9947512149810791	 -0.04751484468579292	 -0.14634919166564941
0.13813699781894684	 0.05980563163757324	 0.988605797290802	 0.010387063026428223
0.0	 0.0	 0.0	 1.0
12 	 54	 66
0.9441960453987122	 -0.015852732583880424	 0.3290022909641266	 -0.21133387088775635
-0.015852732583880424	 0.9954965710639954	 0.09346266090869904	 0.025932669639587402
-0.3290022909641266	 -0.09346266090869904	 0.9396926164627075	 -0.08220386505126953
0.0	 0.0	 0.0	 1.0
12 	 55	 66
0.9961137771606445	 -0.07875006645917892	 0.03944326937198639	 0.06277060508728027
0.07193785160779953	 0.9858338832855225	 0.1515139490365982	 0.028522491455078125
-0.05081624537706375	 -0.14808766543865204	 0.9876678586006165	 -0.07399272918701172
0.0	 0.0	 0.0	 1.0
12 	 56	 66
0.9305115938186646	 -0.015056530945003033	 -0.36595287919044495	 -0.014509320259094238
0.14556550979614258	 0.9320573806762695	 0.3317826986312866	 0.22401666641235352
0.33609357476234436	 -0.3619977533817291	 0.8694818615913391	 -0.06087768077850342
0.0	 0.0	 0.0	 1.0
13 	 14	 66
0.9958009719848633	 0.0067941793240606785	 0.09129224717617035	 1.046834945678711
0.0067941793240606785	 0.989006757736206	 -0.14771395921707153	 -0.6371167302131653
-0.09129224717617035	 0.14771395921707153	 0.9848077297210693	 -0.245286226272583
0.0	 0.0	 0.0	 1.0
13 	 15	 66
0.9921202659606934	 -0.03529135137796402	 0.12021611630916595	 0.6111457347869873
0.02049209550023079	 0.9922955632209778	 0.12218685448169708	 -0.6518163681030273
-0.12360205501317978	 -0.11876057833433151	 0.9851996898651123	 -0.09235537052154541
0.0	 0.0	 0.0	 1.0
13 	 54	 66
-0.861803412437439	 -0.08541020005941391	 0.5	 -1.3187745809555054
-0.08541020005941391	 -0.9472135901451111	 -0.30901700258255005	 1.4209318161010742
0.5	 -0.30901700258255005	 0.80901700258255	 1.2491389513015747
0.0	 0.0	 0.0	 1.0
13 	 55	 66
0.9859422445297241	 0.003993518650531769	 0.16703884303569794	 0.711686372756958
0.003993518650531769	 0.99886554479599	 -0.047452233731746674	 -0.0320439338684082
-0.16703884303569794	 0.047452233731746674	 0.9848077297210693	 -0.21813106536865234
0.0	 0.0	 0.0	 1.0
13 	 56	 66
0.9985492825508118	 -0.03200891986489296	 0.04329879209399223	 -0.1812039613723755
0.024412794038653374	 0.9858574867248535	 0.16579802334308624	 0.17970263957977295
-0.047993455082178116	 -0.16450044512748718	 0.9852087497711182	 -0.02582228183746338
0.0	 0.0	 0.0	 1.0
13 	 57	 66
0.8912473917007446	 0.180092915892601	 -0.41622671484947205	 2.020049571990967
-0.07979899644851685	 0.9657288789749146	 0.2469814568758011	 -0.7953051328659058
0.44644176959991455	 -0.186907097697258	 0.875074565410614	 0.32780253887176514
0.0	 0.0	 0.0	 1.0
14 	 15	 66
0.9687204360961914	 0.0843096524477005	 -0.2333935797214508	 0.024171113967895508
-0.025562290102243423	 0.9694162607192993	 0.24408741295337677	 0.09101217985153198
0.24683447182178497	 -0.23048639297485352	 0.9412485361099243	 0.07229816913604736
0.0	 0.0	 0.0	 1.0
14 	 56	 66
0.9942411780357361	 -0.07064138352870941	 0.08058731257915497	 -0.21111738681793213
0.04048769548535347	 0.9438597559928894	 0.3278559148311615	 0.06501579284667969
-0.0992233157157898	 -0.32270506024360657	 0.9412842988967896	 0.0429844856262207
0.0	 0.0	 0.0	 1.0
14 	 57	 66
0.9942411780357361	 -0.04048769548535347	 -0.0992233157157898	 -0.28879404067993164
0.07064138352870941	 0.9438597559928894	 0.32270506024360657	 0.08526712656021118
0.08058731257915497	 -0.3278559148311615	 0.9412842988967896	 0.09524750709533691
0.0	 0.0	 0.0	 1.0
15 	 18	 66
0.7722193002700806	 0.13281859457492828	 -0.6213184595108032	 0.5387768745422363
-0.20511484146118164	 0.9776592254638672	 -0.04593828693032265	 0.1779627799987793
0.6013362407684326	 0.16291606426239014	 0.7822103500366211	 0.1312253475189209
0.0	 0.0	 0.0	 1.0
15 	 56	 66
0.989006757736206	 0.0067941793240606785	 -0.14771395921707153	 -0.5438550710678101
0.0067941793240606785	 0.9958009719848633	 0.09129224717617035	 0.6967787742614746
0.14771395921707153	 -0.09129224717617035	 0.9848077297210693	 0.10631704330444336
0.0	 0.0	 0.0	 1.0
15 	 57	 66
0.9862585067749023	 -0.09062214940786362	 0.13813699781894684	 -0.3752121925354004
0.08302602916955948	 0.9947512149810791	 0.05980563163757324	 0.04882073402404785
-0.14283165335655212	 -0.04751484468579292	 0.988605797290802	 0.07696700096130371
0.0	 0.0	 0.0	 1.0
15 	 62	 66
0.8695614337921143	 0.15213298797607422	 -0.46980684995651245	 0.7929706573486328
-0.1107325628399849	 0.9872065782546997	 0.1147235706448555	 -0.4853529930114746
0.4812496602535248	 -0.0477362759411335	 0.8752828240394592	 1.4387407302856445
0.0	 0.0	 0.0	 1.0
16 	 17	 66
0.9921202659606934	 -0.03529135137796402	 -0.12021611630916595	 0.173231840133667
0.02049209550023079	 0.9922955632209778	 -0.12218685448169708	 0.004865407943725586
0.12360205501317978	 0.11876057833433151	 0.9851996898651123	 -0.13225436210632324
0.0	 0.0	 0.0	 1.0
17 	 18	 66
0.9305115938186646	 0.14556550979614258	 -0.33609357476234436	 0.2189422845840454
-0.015056530945003033	 0.9320573806762695	 0.3619977533817291	 0.028916478157043457
0.36595287919044495	 -0.3317826986312866	 0.8694818615913391	 0.18545103073120117
0.0	 0.0	 0.0	 1.0
17 	 19	 66
0.8100887537002563	 0.2546253204345703	 -0.528130829334259	 0.11346185207366943
-0.07948527485132217	 0.9401534199714661	 0.3313511610031128	 0.15184056758880615
0.580894410610199	 -0.22644522786140442	 0.7818467020988464	 0.025878071784973145
0.0	 0.0	 0.0	 1.0
17 	 64	 66
-0.3420201539993286	 -0.7993502616882324	 0.49402564764022827	 -2.4511489868164062
0.7993502616882324	 0.028905101120471954	 0.6001696586608887	 -0.3500481843948364
-0.49402564764022827	 0.6001696586608887	 0.62907475233078	 1.7066059112548828
0.0	 0.0	 0.0	 1.0
18 	 19	 66
0.9852087497711182	 0.047993455082178116	 -0.16450044512748718	 -0.3104592561721802
-0.04329879209399223	 0.9985492825508118	 0.03200891986489296	 -0.12226510047912598
0.16579802334308624	 -0.024412794038653374	 0.9858574867248535	 -0.02073371410369873
0.0	 0.0	 0.0	 1.0
18 	 20	 66
0.9852087497711182	 0.047993455082178116	 -0.16450044512748718	 -0.9835141897201538
-0.04329879209399223	 0.9985492825508118	 0.03200891986489296	 0.07653522491455078
0.16579802334308624	 -0.024412794038653374	 0.9858574867248535	 -0.12242138385772705
0.0	 0.0	 0.0	 1.0
18 	 62	 66
0.7722193002700806	 0.20511484146118164	 -0.6013362407684326	 1.8716888427734375
-0.13281859457492828	 0.9776592254638672	 0.16291606426239014	 -0.4625582695007324
0.6213184595108032	 -0.04593828693032265	 0.7822103500366211	 1.6553689241409302
0.0	 0.0	 0.0	 1.0
18 	 63	 66
0.513196587562561	 0.30490249395370483	 -0.8022865653038025	 1.986961841583252
-0.150394007563591	 0.9522542357444763	 0.26569435000419617	 -0.5065878033638
0.8449916243553162	 -0.015694355592131615	 0.5345491766929626	 1.9574941396713257
0.0	 0.0	 0.0	 1.0
18 	 64	 66
0.513196587562561	 0.30490249395370483	 -0.8022865653038025	 1.3617568016052246
-0.150394007563591	 0.9522542357444763	 0.26569435000419617	 -0.4607062339782715
0.8449916243553162	 -0.015694355592131615	 0.5345491766929626	 1.7162977457046509
0.0	 0.0	 0.0	 1.0
19 	 20	 66
0.9876678586006165	 0.05081624537706375	 -0.14808766543865204	 -0.2656906843185425
-0.03944326937198639	 0.9961137771606445	 0.07875006645917892	 0.022035956382751465
0.1515139490365982	 -0.07193785160779953	 0.9858338832855225	 -0.09336692094802856
0.0	 0.0	 0.0	 1.0
19 	 21	 66
0.9921202659606934	 0.03529135137796402	 -0.12021611630916595	 -0.5772900581359863
-0.02049209550023079	 0.9922955632209778	 0.12218685448169708	 0.13754141330718994
0.12360205501317978	 -0.11876057833433151	 0.9851996898651123	 -0.3110194802284241
0.0	 0.0	 0.0	 1.0
19 	 64	 66
0.6522156000137329	 0.2565590441226959	 -0.7132967710494995	 1.9700698852539062
-0.146174356341362	 0.9658892750740051	 0.2137545645236969	 -0.28302597999572754
0.7438063621520996	 -0.035148367285728455	 0.667470395565033	 1.4906165599822998
0.0	 0.0	 0.0	 1.0
19 	 65	 66
0.7722193002700806	 0.20511484146118164	 -0.6013362407684326	 1.074441909790039
-0.13281859457492828	 0.9776592254638672	 0.16291606426239014	 -0.3424469232559204
0.6213184595108032	 -0.04593828693032265	 0.7822103500366211	 1.3832573890686035
0.0	 0.0	 0.0	 1.0
20 	 21	 66
0.9862585067749023	 -0.09062214940786362	 0.13813699781894684	 -0.7201070785522461
0.08302602916955948	 0.9947512149810791	 0.05980563163757324	 0.055878639221191406
-0.14283165335655212	 -0.04751484468579292	 0.988605797290802	 -0.05621230602264404
0.0	 0.0	 0.0	 1.0
20 	 22	 66
0.9862585067749023	 -0.08302602916955948	 0.14283165335655212	 -1.171718716621399
0.09062214940786362	 0.9947512149810791	 -0.04751484468579292	 0.09778213500976562
-0.13813699781894684	 0.05980563163757324	 0.988605797290802	 -0.04805260896682739
0.0	 0.0	 0.0	 1.0
20 	 23	 66
1.0	 0.0	 0.0	 -0.13999998569488525
0.0	 0.9396926164627075	 -0.3420201539993286	 0.1876596212387085
0.0	 0.3420201539993286	 0.9396926164627075	 -0.24136143922805786
0.0	 0.0	 0.0	 1.0
20 	 34	 66
0.9921202659606934	 0.02049209550023079	 0.12360205501317978	 0.8980123996734619
-0.03529135137796402	 0.9922955632209778	 0.11876057833433151	 0.02106606960296631
-0.12021611630916595	 -0.12218685448169708	 0.9851996898651123	 -0.024999022483825684
0.0	 0.0	 0.0	 1.0
20 	 64	 66
0.7722193002700806	 0.20511484146118164	 -0.6013362407684326	 2.4693174362182617
-0.13281859457492828	 0.9776592254638672	 0.16291606426239014	 -0.33076679706573486
0.6213184595108032	 -0.04593828693032265	 0.7822103500366211	 1.163441777229309
0.0	 0.0	 0.0	 1.0
20 	 65	 66
0.8695614337921143	 0.15213298797607422	 -0.46980684995651245	 1.5226013660430908
-0.1107325628399849	 0.9872065782546997	 0.1147235706448555	 -0.4654144048690796
0.4812496602535248	 -0.0477362759411335	 0.8752828240394592	 1.19951593875885
0.0	 0.0	 0.0	 1.0
21 	 22	 66
0.9985492825508118	 -0.024412794038653374	 0.047993455082178116	 -0.5994933843612671
0.03200891986489296	 0.9858574867248535	 -0.16450044512748718	 0.21116435527801514
-0.04329879209399223	 0.16579802334308624	 0.9852087497711182	 0.08327007293701172
0.0	 0.0	 0.0	 1.0
21 	 23	 66
1.0	 0.0	 0.0	 0.13999998569488525
0.0	 0.9396926164627075	 -0.3420201539993286	 -0.09834039211273193
0.0	 0.3420201539993286	 0.9396926164627075	 -0.0013613104820251465
0.0	 0.0	 0.0	 1.0
21 	 24	 66
0.9862585067749023	 0.08302602916955948	 -0.14283165335655212	 0.06021475791931152
-0.09062214940786362	 0.9947512149810791	 -0.04751484468579292	 -0.15700018405914307
0.13813699781894684	 0.05980563163757324	 0.988605797290802	 0.13665342330932617
0.0	 0.0	 0.0	 1.0
21 	 34	 66
0.8695614337921143	 -0.15213298797607422	 0.46980684995651245	 -1.4629077911376953
0.1107325628399849	 0.9872065782546997	 0.1147235706448555	 -0.14011037349700928
-0.4812496602535248	 -0.0477362759411335	 0.8752828240394592	 0.46023058891296387
0.0	 0.0	 0.0	 1.0
22 	 23	 66
1.0	 0.0	 0.0	 -0.49000000953674316
0.0	 0.9396926164627075	 -0.3420201539993286	 0.17765963077545166
0.0	 0.3420201539993286	 0.9396926164627075	 0.0886385440826416
0.0	 0.0	 0.0	 1.0
22 	 24	 66
0.9851996898651123	 0.12360205501317978	 -0.11876057833433151	 0.39651525020599365
-0.12021611630916595	 0.9921202659606934	 0.03529135137796402	 -0.20209777355194092
0.12218685448169708	 -0.02049209550023079	 0.9922955632209778	 0.26721131801605225
0.0	 0.0	 0.0	 1.0
22 	 33	 66
0.9563611745834351	 -0.026970280334353447	 0.29093971848487854	 -1.4385712146759033
-0.026970280334353447	 0.9833314418792725	 0.17981062829494476	 -0.15099048614501953
-0.29093971848487854	 -0.17981062829494476	 0.9396926164627075	 0.982599139213562
0.0	 0.0	 0.0	 1.0
22 	 34	 66
0.513196587562561	 -0.30490249395370483	 0.8022865653038025	 -1.3383677005767822
0.150394007563591	 0.9522542357444763	 0.26569435000419617	 -0.3007814288139343
-0.8449916243553162	 -0.015694355592131615	 0.5345491766929626	 1.1201801300048828
0.0	 0.0	 0.0	 1.0
22 	 65	 66
0.7722193002700806	 0.20511484146118164	 -0.6013362407684326	 2.5444421768188477
-0.13281859457492828	 0.9776592254638672	 0.16291606426239014	 -0.5964468717575073
0.6213184595108032	 -0.04593828693032265	 0.7822103500366211	 1.6792573928833008
0.0	 0.0	 0.0	 1.0
23 	 24	 66
0.9942411780357361	 0.07064138352870941	 -0.08058731257915497	 -0.2850663661956787
-0.04048769548535347	 0.9438597559928894	 0.3278559148311615	 -0.12468200922012329
0.0992233157157898	 -0.32270506024360657	 0.9412842988967896	 0.39366614818573
0.0	 0.0	 0.0	 1.0
23 	 33	 66
0.9629703164100647	 -0.05991525948047638	 0.2628655433654785	 -0.8612625598907471
-0.05991525948047638	 0.9030550718307495	 0.4253253936767578	 0.11537975072860718
-0.2628655433654785	 -0.4253253936767578	 0.8660253882408142	 0.9608430862426758
0.0	 0.0	 0.0	 1.0
24 	 25	 66
0.989006757736206	 0.0067941793240606785	 -0.14771395921707153	 -0.05290937423706055
0.0067941793240606785	 0.9958009719848633	 0.09129224717617035	 -0.1693258285522461
0.14771395921707153	 -0.09129224717617035	 0.9848077297210693	 0.3014860153198242
0.0	 0.0	 0.0	 1.0
24 	 32	 66
0.9942411780357361	 0.07064138352870941	 -0.08058731257915497	 -0.6703468561172485
-0.04048769548535347	 0.9438597559928894	 0.3278559148311615	 -0.258609414100647
0.0992233157157898	 -0.32270506024360657	 0.9412842988967896	 0.46457457542419434
0.0	 0.0	 0.0	 1.0
24 	 33	 66
0.8912473917007446	 -0.180092915892601	 0.41622671484947205	 -0.7805366516113281
0.07979899644851685	 0.9657288789749146	 0.2469814568758011	 -0.2519843578338623
-0.44644176959991455	 -0.186907097697258	 0.875074565410614	 0.8439693450927734
0.0	 0.0	 0.0	 1.0
25 	 26	 66
0.99886554479599	 -0.047452233731746674	 0.003993518650531769	 -0.1948986053466797
0.047452233731746674	 0.9848077297210693	 -0.16703884303569794	 -0.21794116497039795
0.003993518650531769	 0.16703884303569794	 0.9859422445297241	 0.2987067699432373
0.0	 0.0	 0.0	 1.0
25 	 27	 66
0.9851996898651123	 -0.12360205501317978	 0.11876057833433151	 -0.5140819549560547
0.12021611630916595	 0.9921202659606934	 0.03529135137796402	 -0.1642322540283203
-0.12218685448169708	 -0.02049209550023079	 0.9922955632209778	 0.35426557064056396
0.0	 0.0	 0.0	 1.0
25 	 32	 66
0.9961137771606445	 0.07875006645917892	 -0.03944326937198639	 -0.2624746561050415
-0.07193785160779953	 0.9858338832855225	 0.1515139490365982	 0.142317533493042
0.05081624537706375	 -0.14808766543865204	 0.9876678586006165	 0.07880449295043945
0.0	 0.0	 0.0	 1.0
25 	 33	 66
0.9510460495948792	 -0.11146143823862076	 0.28824949264526367	 0.09843254089355469
0.06631509959697723	 0.9845731854438782	 0.16191957890987396	 -0.07144594192504883
-0.30185049772262573	 -0.13487768173217773	 0.9437659978866577	 0.31815171241760254
0.0	 0.0	 0.0	 1.0
26 	 27	 66
1.0	 0.0	 0.0	 0.08799982070922852
0.0	 0.9848077297210693	 0.1736481785774231	 0.21608710289001465
0.0	 -0.1736481785774231	 0.9848077297210693	 -0.05246710777282715
0.0	 0.0	 0.0	 1.0
26 	 32	 66
0.9657288789749146	 0.2469814568758011	 -0.07979899644851685	 0.224473237991333
-0.186907097697258	 0.875074565410614	 0.44644176959991455	 0.0323413610458374
0.180092915892601	 -0.41622671484947205	 0.8912473917007446	 -0.2787489891052246
0.0	 0.0	 0.0	 1.0
27 	 28	 66
0.8788188099861145	 0.28349363803863525	 -0.38380828499794006	 0.45943522453308105
-0.21650634706020355	 0.9537129402160645	 0.20870235562324524	 0.03399085998535156
0.42520871758461	 -0.10031463205814362	 0.8995190262794495	 -0.032709598541259766
0.0	 0.0	 0.0	 1.0
27 	 32	 66
0.9682546257972717	 0.21868667006492615	 -0.12107501178979874	 0.20079612731933594
-0.18338212370872498	 0.9506023526191711	 0.2504520118236542	 -0.02172565460205078
0.1698646992444992	 -0.22029832005500793	 0.9605283141136169	 -0.23385608196258545
0.0	 0.0	 0.0	 1.0
27 	 33	 66
0.9441960453987122	 -0.015852732583880424	 0.3290022909641266	 -0.8907557725906372
-0.015852732583880424	 0.9954965710639954	 0.09346266090869904	 0.08243775367736816
-0.3290022909641266	 -0.09346266090869904	 0.9396926164627075	 0.2516533136367798
0.0	 0.0	 0.0	 1.0
28 	 29	 66
0.8694818615913391	 0.36595287919044495	 -0.3317826986312866	 0.13929998874664307
-0.33609357476234436	 0.9305115938186646	 0.14556550979614258	 0.0749129056930542
0.3619977533817291	 -0.015056530945003033	 0.9320573806762695	 -0.16868609189987183
0.0	 0.0	 0.0	 1.0
28 	 30	 66
0.7883852124214172	 0.37988269329071045	 -0.4838779866695404	 0.04683804512023926
-0.26290491223335266	 0.9191703200340271	 0.2932693064212799	 0.09938621520996094
0.5561742186546326	 -0.10399528592824936	 0.8245333433151245	 -0.38491958379745483
0.0	 0.0	 0.0	 1.0
28 	 31	 66
0.8788188099861145	 0.28349363803863525	 -0.38380828499794006	 0.17105484008789062
-0.21650634706020355	 0.9537129402160645	 0.20870235562324524	 -0.04228663444519043
0.42520871758461	 -0.10031463205814362	 0.8995190262794495	 -0.22502988576889038
0.0	 0.0	 0.0	 1.0
28 	 32	 66
0.9852087497711182	 -0.047993455082178116	 0.16450044512748718	 0.058512091636657715
0.04329879209399223	 0.9985492825508118	 0.03200891986489296	 0.07724618911743164
-0.16579802334308624	 -0.024412794038653374	 0.9858574867248535	 -0.13806432485580444
0.0	 0.0	 0.0	 1.0
29 	 30	 66
0.9454514384269714	 0.18608692288398743	 -0.26738211512565613	 0.003074169158935547
-0.1559332311153412	 0.9791643023490906	 0.13008488714694977	 0.05688118934631348
0.28601810336112976	 -0.0812951922416687	 0.954769492149353	 -0.13866662979125977
0.0	 0.0	 0.0	 1.0
29 	 31	 66
1.0	 0.0	 0.0	 -0.15599989891052246
0.0	 1.0	 0.0	 0.06199991703033447
0.0	 0.0	 1.0	 -0.04800009727478027
0.0	 0.0	 0.0	 1.0
29 	 32	 66
0.7660444378852844	 -0.3379334509372711	 0.5467877984046936	 -0.22377729415893555
0.3379334509372711	 0.9353362917900085	 0.10462810844182968	 -0.14657557010650635
-0.5467877984046936	 0.10462810844182968	 0.8307081460952759	 0.1721668243408203
0.0	 0.0	 0.0	 1.0
30 	 31	 66
0.9875560402870178	 -0.11570504307746887	 0.10651468485593796	 0.3911396265029907
0.12330117076635361	 0.990056574344635	 -0.06771159172058105	 -0.09510564804077148
-0.09762098640203476	 0.08000237494707108	 0.9920029044151306	 0.07555341720581055
0.0	 0.0	 0.0	 1.0
31 	 32	 66
0.7660444378852844	 -0.3379334509372711	 0.5467877984046936	 -0.13777726888656616
0.3379334509372711	 0.9353362917900085	 0.10462810844182968	 -0.20857560634613037
-0.5467877984046936	 0.10462810844182968	 0.8307081460952759	 0.15016686916351318
0.0	 0.0	 0.0	 1.0
32 	 33	 66
0.9852087497711182	 -0.04329879209399223	 0.16579802334308624	 -0.15839385986328125
0.047993455082178116	 0.9985492825508118	 -0.024412794038653374	 -0.15104985237121582
-0.16450044512748718	 0.03200891986489296	 0.9858574867248535	 0.14630866050720215
0.0	 0.0	 0.0	 1.0
34 	 35	 66
0.9396926164627075	 -0.17981062829494476	 0.29093971848487854	 0.3265836238861084
0.17981062829494476	 0.9833314418792725	 0.026970280334353447	 0.10870575904846191
-0.29093971848487854	 0.026970280334353447	 0.9563611745834351	 -0.2308049201965332
0.0	 0.0	 0.0	 1.0
34 	 65	 66
-0.3065999448299408	 0.03965930640697479	 -0.9510118961334229	 1.3882412910461426
-0.4543663263320923	 0.871848464012146	 0.18284271657466888	 -1.2173819541931152
0.8363896608352661	 0.48816734552383423	 -0.24928882718086243	 3.867339611053467
0.0	 0.0	 0.0	 1.0
35 	 36	 66
0.9396926164627075	 -0.17981062829494476	 0.29093971848487854	 -0.1423170566558838
0.17981062829494476	 0.9833314418792725	 0.026970280334353447	 -0.02252376079559326
-0.29093971848487854	 0.026970280334353447	 0.9563611745834351	 -0.09203517436981201
0.0	 0.0	 0.0	 1.0
35 	 37	 66
0.9412842988967896	 -0.08058731257915497	 0.3278559148311615	 0.020680665969848633
0.0992233157157898	 0.9942411780357361	 -0.04048769548535347	 0.21025002002716064
-0.32270506024360657	 0.07064138352870941	 0.9438597559928894	 -0.15625154972076416
0.0	 0.0	 0.0	 1.0
35 	 38	 66
0.8660253882408142	 -0.2628655433654785	 0.4253253936767578	 0.027294397354125977
0.2628655433654785	 0.9629703164100647	 0.05991525948047638	 0.06463253498077393
-0.4253253936767578	 0.05991525948047638	 0.9030550718307495	 -0.17270958423614502
0.0	 0.0	 0.0	 1.0
35 	 45	 66
0.8307081460952759	 -0.10462810844182968	 -0.5467877984046936	 1.141787052154541
-0.10462810844182968	 0.9353362917900085	 -0.3379334509372711	 0.3366461992263794
0.5467877984046936	 0.3379334509372711	 0.7660444378852844	 -0.724032998085022
0.0	 0.0	 0.0	 1.0
35 	 46	 66
0.7722193002700806	 0.13281859457492828	 -0.6213184595108032	 1.1173830032348633
-0.20511484146118164	 0.9776592254638672	 -0.04593828693032265	 0.17057502269744873
0.6013362407684326	 0.16291606426239014	 0.7822103500366211	 -0.7063556909561157
0.0	 0.0	 0.0	 1.0
35 	 47	 66
0.3420201539993286	 -0.49402564764022827	 0.7993502616882324	 -1.4933617115020752
0.49402564764022827	 0.818138837814331	 0.2942575514316559	 -0.054033756256103516
-0.7993502616882324	 0.2942575514316559	 0.5238813161849976	 0.44913309812545776
0.0	 0.0	 0.0	 1.0
35 	 48	 66
0.5477457642555237	 -0.5580127239227295	 0.6233749985694885	 -1.2846370935440063
0.3080126941204071	 0.8272542357444763	 0.46987080574035645	 -0.18762022256851196
-0.7778835296630859	 -0.06536231935024261	 0.625	 0.09420323371887207
0.0	 0.0	 0.0	 1.0
35 	 49	 66
0.1736481785774231	 -0.5177440643310547	 0.8377274870872498	 -1.6252111196517944
0.5177440643310547	 0.7716019749641418	 0.3695557713508606	 -0.30263668298721313
-0.8377274870872498	 0.3695557713508606	 0.40204620361328125	 0.880533754825592
0.0	 0.0	 0.0	 1.0
36 	 37	 66
0.990056574344635	 0.06771159172058105	 0.12330117076635361	 -0.023109793663024902
-0.08000237494707108	 0.9920029044151306	 0.09762098640203476	 -0.12361550331115723
-0.11570504307746887	 -0.10651468485593796	 0.9875560402870178	 -0.03454458713531494
0.0	 0.0	 0.0	 1.0
36 	 38	 66
0.9848077297210693	 0.0	 0.1736481785774231	 0.07802939414978027
0.0	 1.0	 0.0	 0.04200005531311035
-0.1736481785774231	 0.0	 0.9848077297210693	 -0.013430118560791016
0.0	 0.0	 0.0	 1.0
36 	 39	 66
0.7660444378852844	 -0.3379334509372711	 0.5467877984046936	 0.10800421237945557
0.3379334509372711	 0.9353362917900085	 0.10462810844182968	 -0.0604252815246582
-0.5467877984046936	 0.10462810844182968	 0.8307081460952759	 -0.11903536319732666
0.0	 0.0	 0.0	 1.0
36 	 45	 66
0.9537129402160645	 -0.10031463205814362	 0.28349363803863525	 0.19890427589416504
0.20870235562324524	 0.8995190262794495	 -0.38380828499794006	 0.05249977111816406
-0.21650634706020355	 0.42520871758461	 0.8788188099861145	 -0.3561868667602539
0.0	 0.0	 0.0	 1.0
36 	 46	 66
0.9985492825508118	 -0.024412794038653374	 0.047993455082178116	 0.4333956241607666
0.03200891986489296	 0.9858574867248535	 -0.16450044512748718	 -0.1190495491027832
-0.04329879209399223	 0.16579802334308624	 0.9852087497711182	 0.049689531326293945
0.0	 0.0	 0.0	 1.0
36 	 47	 66
0.9454514384269714	 -0.18608692288398743	 0.26738211512565613	 -0.34990108013153076
0.1559332311153412	 0.9791643023490906	 0.13008488714694977	 0.09050226211547852
-0.28601810336112976	 -0.0812951922416687	 0.954769492149353	 -0.01986217498779297
0.0	 0.0	 0.0	 1.0
36 	 48	 66
0.7883852124214172	 -0.37988269329071045	 0.4838779866695404	 -1.0380326509475708
0.26290491223335266	 0.9191703200340271	 0.2932693064212799	 0.22274601459503174
-0.5561742186546326	 -0.10399528592824936	 0.8245333433151245	 -0.1121823787689209
0.0	 0.0	 0.0	 1.0
36 	 49	 66
0.9454514384269714	 -0.18608692288398743	 0.26738211512565613	 -0.504688024520874
0.1559332311153412	 0.9791643023490906	 0.13008488714694977	 -0.0013157129287719727
-0.28601810336112976	 -0.0812951922416687	 0.954769492149353	 0.15891575813293457
0.0	 0.0	 0.0	 1.0
37 	 38	 66
0.9862585067749023	 -0.08302602916955948	 0.14283165335655212	 -0.07055222988128662
0.09062214940786362	 0.9947512149810791	 -0.04751484468579292	 0.07658374309539795
-0.13813699781894684	 0.05980563163757324	 0.988605797290802	 0.03237652778625488
0.0	 0.0	 0.0	 1.0
37 	 39	 66
0.7660444378852844	 -0.3379334509372711	 0.5467877984046936	 -0.12799584865570068
0.3379334509372711	 0.9353362917900085	 0.10462810844182968	 -0.17242538928985596
-0.5467877984046936	 0.10462810844182968	 0.8307081460952759	 0.0649646520614624
0.0	 0.0	 0.0	 1.0
37 	 45	 66
0.8468741178512573	 -0.17875689268112183	 0.5008494853973389	 -0.5247664451599121
0.3680309057235718	 0.8768473863601685	 -0.30934110283851624	 -0.07694828510284424
-0.38387173414230347	 0.44630107283592224	 0.8083673715591431	 -0.288862943649292
0.0	 0.0	 0.0	 1.0
37 	 46	 66
0.9605283141136169	 -0.12107501178979874	 0.2504520118236542	 0.024979591369628906
0.1698646992444992	 0.9682546257972717	 -0.18338212370872498	 -0.07779073715209961
-0.22029832005500793	 0.21868667006492615	 0.9506023526191711	 -0.003612041473388672
0.0	 0.0	 0.0	 1.0
37 	 47	 66
0.9412485361099243	 -0.24683447182178497	 0.23048639297485352	 -0.6257593035697937
0.2333935797214508	 0.9687204360961914	 0.0843096524477005	 0.17093491554260254
-0.24408741295337677	 -0.025562290102243423	 0.9694162607192993	 -0.09525573253631592
0.0	 0.0	 0.0	 1.0
37 	 48	 66
0.6768983602523804	 -0.47232532501220703	 0.5645506381988525	 -1.5497276782989502
0.2937191128730774	 0.8765861392021179	 0.3812161982059479	 -0.030426740646362305
-0.6749353408813477	 -0.09222530573606491	 0.7320907115936279	 -0.015523195266723633
0.0	 0.0	 0.0	 1.0
37 	 49	 66
0.9920029044151306	 -0.10651468485593796	 0.06771159172058105	 -0.22855722904205322
0.09762098640203476	 0.9875560402870178	 0.12330117076635361	 -0.015422821044921875
-0.08000237494707108	 -0.11570504307746887	 0.990056574344635	 0.03688704967498779
0.0	 0.0	 0.0	 1.0
38 	 39	 66
0.8660253882408142	 -0.2628655433654785	 0.4253253936767578	 -0.09409880638122559
0.2628655433654785	 0.9629703164100647	 0.05991525948047638	 -0.12500619888305664
-0.4253253936767578	 0.05991525948047638	 0.9030550718307495	 0.1015923023223877
0.0	 0.0	 0.0	 1.0
38 	 44	 66
0.7883852124214172	 -0.26290491223335266	 0.5561742186546326	 -0.29910826683044434
0.37988269329071045	 0.9191703200340271	 -0.10399528592824936	 0.1790015697479248
-0.4838779866695404	 0.2932693064212799	 0.8245333433151245	 -0.445894718170166
0.0	 0.0	 0.0	 1.0
38 	 45	 66
0.8468741178512573	 -0.17875689268112183	 0.5008494853973389	 -0.7027664184570312
0.3680309057235718	 0.8768473863601685	 -0.30934110283851624	 -0.006948232650756836
-0.38387173414230347	 0.44630107283592224	 0.8083673715591431	 -0.37886297702789307
0.0	 0.0	 0.0	 1.0
38 	 46	 66
0.9605283141136169	 -0.12107501178979874	 0.2504520118236542	 -0.3630201816558838
0.1698646992444992	 0.9682546257972717	 -0.18338212370872498	 0.062209248542785645
-0.22029832005500793	 0.21868667006492615	 0.9506023526191711	 -0.233612060546875
0.0	 0.0	 0.0	 1.0
38 	 47	 66
0.8788188099861145	 -0.28349363803863525	 0.38380828499794006	 -0.9413983821868896
0.21650634706020355	 0.9537129402160645	 0.20870235562324524	 -0.015084028244018555
-0.42520871758461	 -0.10031463205814362	 0.8995190262794495	 -0.16345489025115967
0.0	 0.0	 0.0	 1.0
38 	 48	 66
0.7883852124214172	 -0.37988269329071045	 0.4838779866695404	 -1.4520325660705566
0.26290491223335266	 0.9191703200340271	 0.2932693064212799	 0.25074589252471924
-0.5561742186546326	 -0.10399528592824936	 0.8245333433151245	 -0.22818243503570557
0.0	 0.0	 0.0	 1.0
38 	 49	 66
0.8788188099861145	 -0.28349363803863525	 0.38380828499794006	 -1.2876462936401367
0.21650634706020355	 0.9537129402160645	 0.20870235562324524	 0.0025402307510375977
-0.42520871758461	 -0.10031463205814362	 0.8995190262794495	 -0.14987707138061523
0.0	 0.0	 0.0	 1.0
39 	 40	 66
0.7660444378852844	 -0.3379334509372711	 0.5467877984046936	 -0.5605806112289429
0.3379334509372711	 0.9353362917900085	 0.10462810844182968	 -0.19101834297180176
-0.5467877984046936	 0.10462810844182968	 0.8307081460952759	 0.20405054092407227
0.0	 0.0	 0.0	 1.0
39 	 43	 66
0.6768983602523804	 -0.2937191128730774	 0.6749353408813477	 -0.6803464889526367
0.47232532501220703	 0.8765861392021179	 -0.09222530573606491	 0.22119855880737305
-0.5645506381988525	 0.3812161982059479	 0.7320907115936279	 -0.018544435501098633
0.0	 0.0	 0.0	 1.0
39 	 44	 66
0.9920029044151306	 -0.09762098640203476	 0.08000237494707108	 0.2409580945968628
0.10651468485593796	 0.9875560402870178	 -0.11570504307746887	 0.17492854595184326
-0.06771159172058105	 0.12330117076635361	 0.990056574344635	 -0.6917915344238281
0.0	 0.0	 0.0	 1.0
39 	 45	 66
0.9845731854438782	 -0.16191957890987396	 -0.06631509959697723	 -0.0681617259979248
0.13487768173217773	 0.9437659978866577	 -0.30185049772262573	 -0.001738429069519043
0.11146143823862076	 0.28824949264526367	 0.9510460495948792	 -0.6568005084991455
0.0	 0.0	 0.0	 1.0
39 	 46	 66
0.9958009719848633	 -0.0067941793240606785	 -0.09129224717617035	 -0.2733210325241089
-0.0067941793240606785	 0.989006757736206	 -0.14771395921707153	 0.21273934841156006
0.09129224717617035	 0.14771395921707153	 0.9848077297210693	 -0.6433148384094238
0.0	 0.0	 0.0	 1.0
39 	 47	 66
0.9920029044151306	 -0.10651468485593796	 0.06771159172058105	 -0.7352164387702942
0.09762098640203476	 0.9875560402870178	 0.12330117076635361	 0.4682612419128418
-0.08000237494707108	 -0.11570504307746887	 0.990056574344635	 -0.7512255907058716
0.0	 0.0	 0.0	 1.0
40 	 41	 66
0.8695614337921143	 -0.1107325628399849	 0.4812496602535248	 -0.08015155792236328
0.15213298797607422	 0.9872065782546997	 -0.0477362759411335	 0.17063367366790771
-0.46980684995651245	 0.1147235706448555	 0.8752828240394592	 -0.10543680191040039
0.0	 0.0	 0.0	 1.0
40 	 42	 66
0.9305115938186646	 -0.015056530945003033	 0.36595287919044495	 0.0655975341796875
0.14556550979614258	 0.9320573806762695	 -0.3317826986312866	 -0.02470719814300537
-0.33609357476234436	 0.3619977533817291	 0.8694818615913391	 -0.30872130393981934
0.0	 0.0	 0.0	 1.0
40 	 43	 66
0.990056574344635	 -0.06771159172058105	 0.12330117076635361	 0.19713270664215088
0.08000237494707108	 0.9920029044151306	 -0.09762098640203476	 0.021023094654083252
-0.11570504307746887	 0.10651468485593796	 0.9875560402870178	 -0.31992506980895996
0.0	 0.0	 0.0	 1.0
40 	 44	 66
0.8695614337921143	 0.1107325628399849	 -0.4812496602535248	 1.3217670917510986
-0.15213298797607422	 0.9872065782546997	 -0.0477362759411335	 0.00726550817489624
0.46980684995651245	 0.1147235706448555	 0.8752828240394592	 -0.375917911529541
0.0	 0.0	 0.0	 1.0
41 	 42	 66
0.9942411780357361	 -0.07064138352870941	 -0.08058731257915497	 -0.009212851524353027
0.04048769548535347	 0.9438597559928894	 -0.3278559148311615	 -0.06847333908081055
0.0992233157157898	 0.32270506024360657	 0.9412842988967896	 -0.13504517078399658
0.0	 0.0	 0.0	 1.0
41 	 43	 66
0.9510460495948792	 0.06631509959697723	 -0.30185049772262573	 0.3219565153121948
-0.11146143823862076	 0.9845731854438782	 -0.13487768173217773	 0.05647885799407959
0.28824949264526367	 0.16191957890987396	 0.9437659978866577	 -0.022032618522644043
0.0	 0.0	 0.0	 1.0
42 	 43	 66
0.9687204360961914	 0.0843096524477005	 -0.2333935797214508	 0.28638768196105957
-0.025562290102243423	 0.9694162607192993	 0.24408741295337677	 0.07177281379699707
0.24683447182178497	 -0.23048639297485352	 0.9412485361099243	 0.05113232135772705
0.0	 0.0	 0.0	 1.0
44 	 45	 66
0.9563611745834351	 -0.026970280334353447	 -0.29093971848487854	 0.0032271146774291992
-0.026970280334353447	 0.9833314418792725	 -0.17981062829494476	 -0.08649027347564697
0.29093971848487854	 0.17981062829494476	 0.9396926164627075	 0.0182572603225708
0.0	 0.0	 0.0	 1.0
44 	 46	 66
0.9848077297210693	 0.09129224717617035	 -0.14771395921707153	 -0.56300950050354
-0.09129224717617035	 0.9958009719848633	 0.0067941793240606785	 0.05035245418548584
0.14771395921707153	 0.0067941793240606785	 0.989006757736206	 -0.02692270278930664
0.0	 0.0	 0.0	 1.0
44 	 47	 66
-0.4886058270931244	 0.16618533432483673	 0.8565318584442139	 -1.9902793169021606
0.4471539855003357	 -0.7952754497528076	 0.4093778431415558	 -1.9000030755996704
0.7492113709449768	 0.5830260515213013	 0.31426578760147095	 1.9631575345993042
0.0	 0.0	 0.0	 1.0
44 	 49	 66
0.9954965710639954	 0.09346266090869904	 0.015852732583880424	 -1.1592068672180176
-0.09346266090869904	 0.9396926164627075	 0.3290022909641266	 0.22795474529266357
0.015852732583880424	 -0.3290022909641266	 0.9441960453987122	 -0.36488544940948486
0.0	 0.0	 0.0	 1.0
44 	 50	 66
0.9848077297210693	 0.1736481785774231	 0.0	 -1.53465735912323
-0.1736481785774231	 0.9848077297210693	 0.0	 0.10015451908111572
0.0	 0.0	 1.0	 0.040000081062316895
0.0	 0.0	 0.0	 1.0
45 	 46	 66
0.9961137771606445	 0.07193785160779953	 0.05081624537706375	 -0.26389551162719727
-0.07875006645917892	 0.9858338832855225	 0.14808766543865204	 0.2334139347076416
-0.03944326937198639	 -0.1515139490365982	 0.9876678586006165	 0.03641104698181152
0.0	 0.0	 0.0	 1.0
45 	 47	 66
0.616295337677002	 -0.7120593786239624	 -0.3363799750804901	 1.3937422037124634
0.03945767506957054	 -0.3986842930316925	 0.9162390232086182	 -2.7807953357696533
-0.7865259647369385	 -0.5779466032981873	 -0.21761107444763184	 3.6520094871520996
0.0	 0.0	 0.0	 1.0
45 	 48	 66
-0.1736481785774231	 0.9848077297210693	 0.0	 1.5110582113265991
-0.9848077297210693	 -0.1736481785774231	 0.0	 0.0797262191772461
0.0	 0.0	 1.0	 0.19999980926513672
0.0	 0.0	 0.0	 1.0
45 	 49	 66
0.616295337677002	 -0.7120593786239624	 -0.3363799750804901	 1.165202021598816
0.03945767506957054	 -0.3986842930316925	 0.9162390232086182	 -3.0610952377319336
-0.7865259647369385	 -0.5779466032981873	 -0.21761107444763184	 3.827392101287842
0.0	 0.0	 0.0	 1.0
46 	 47	 66
0.9942411780357361	 -0.07064138352870941	 0.08058731257915497	 -0.35580629110336304
0.04048769548535347	 0.9438597559928894	 0.3278559148311615	 0.0862811803817749
-0.0992233157157898	 -0.32270506024360657	 0.9412842988967896	 -0.11537474393844604
0.0	 0.0	 0.0	 1.0
46 	 48	 66
0.9537129402160645	 -0.20870235562324524	 0.21650634706020355	 -0.4520139694213867
0.10031463205814362	 0.8995190262794495	 0.42520871758461	 0.13270068168640137
-0.28349363803863525	 -0.38380828499794006	 0.8788188099861145	 -0.09448057413101196
0.0	 0.0	 0.0	 1.0
46 	 49	 66
0.9791643023490906	 -0.13008488714694977	 0.1559332311153412	 -0.8490399718284607
0.0812951922416687	 0.954769492149353	 0.28601810336112976	 0.17255914211273193
-0.18608692288398743	 -0.26738211512565613	 0.9454514384269714	 -0.14399319887161255
0.0	 0.0	 0.0	 1.0
47 	 48	 66
0.9921202659606934	 -0.03529135137796402	 0.12021611630916595	 -0.26359546184539795
0.02049209550023079	 0.9922955632209778	 0.12218685448169708	 0.22996580600738525
-0.12360205501317978	 -0.11876057833433151	 0.9851996898651123	 -0.2347186803817749
0.0	 0.0	 0.0	 1.0
47 	 49	 66
1.0	 0.0	 0.0	 -0.3219999074935913
0.0	 1.0	 0.0	 0.04799997806549072
0.0	 0.0	 1.0	 -0.015999913215637207
0.0	 0.0	 0.0	 1.0
48 	 49	 66
0.990056574344635	 0.06771159172058105	 -0.12330117076635361	 -0.1430966854095459
-0.08000237494707108	 0.9920029044151306	 -0.09762098640203476	 -0.1703658103942871
0.11570504307746887	 0.10651468485593796	 0.9875560402870178	 0.09230947494506836
0.0	 0.0	 0.0	 1.0
49 	 50	 66
0.9954965710639954	 0.09346266090869904	 -0.015852732583880424	 -0.3198366165161133
-0.09346266090869904	 0.9396926164627075	 -0.3290022909641266	 -0.210363507270813
-0.015852732583880424	 0.3290022909641266	 0.9441960453987122	 0.2609473466873169
0.0	 0.0	 0.0	 1.0
50 	 51	 66
1.0	 0.0	 0.0	 -0.49000000953674316
0.0	 1.0	 0.0	 -0.007999897003173828
0.0	 0.0	 1.0	 0.20200002193450928
0.0	 0.0	 0.0	 1.0
51 	 52	 66
0.9848077297210693	 -0.09129224717617035	 0.14771395921707153	 -0.5602425336837769
0.09129224717617035	 0.9958009719848633	 0.0067941793240606785	 -0.06695330142974854
-0.14771395921707153	 0.0067941793240606785	 0.989006757736206	 0.3660116195678711
0.0	 0.0	 0.0	 1.0
51 	 53	 66
0.9852087497711182	 -0.047993455082178116	 0.16450044512748718	 -0.49406325817108154
0.04329879209399223	 0.9985492825508118	 0.03200891986489296	 -0.1819906234741211
-0.16579802334308624	 -0.024412794038653374	 0.9858574867248535	 0.42153775691986084
0.0	 0.0	 0.0	 1.0
52 	 53	 66
0.9848077297210693	 0.0	 0.1736481785774231	 -0.5946711301803589
0.0	 1.0	 0.0	 -0.13999998569488525
-0.1736481785774231	 0.0	 0.9848077297210693	 0.37388259172439575
0.0	 0.0	 0.0	 1.0
53 	 54	 66
0.9921202659606934	 0.02049209550023079	 -0.12360205501317978	 0.2714393138885498
-0.03529135137796402	 0.9922955632209778	 -0.11876057833433151	 -0.13733816146850586
0.12021611630916595	 0.12218685448169708	 0.9851996898651123	 0.10902643203735352
0.0	 0.0	 0.0	 1.0
54 	 55	 66
0.989006757736206	 0.0067941793240606785	 -0.14771395921707153	 -0.09983277320861816
0.0067941793240606785	 0.9958009719848633	 0.09129224717617035	 -0.10230207443237305
0.14771395921707153	 -0.09129224717617035	 0.9848077297210693	 0.007719755172729492
0.0	 0.0	 0.0	 1.0
55 	 56	 66
0.8912473917007446	 0.180092915892601	 -0.41622671484947205	 0.019996047019958496
-0.07979899644851685	 0.9657288789749146	 0.2469814568758011	 0.19660520553588867
0.44644176959991455	 -0.186907097697258	 0.875074565410614	 0.018518924713134766
0.0	 0.0	 0.0	 1.0
56 	 57	 66
0.9852087497711182	 0.047993455082178116	 -0.16450044512748718	 -0.12364280223846436
-0.04329879209399223	 0.9985492825508118	 0.03200891986489296	 0.003934502601623535
0.16579802334308624	 -0.024412794038653374	 0.9858574867248535	 -0.08814531564712524
0.0	 0.0	 0.0	 1.0
58 	 59	 66
0.9396926164627075	 0.17981062829494476	 -0.29093971848487854	 0.09907960891723633
-0.17981062829494476	 0.9833314418792725	 0.026970280334353447	 -0.2654029130935669
0.29093971848487854	 0.026970280334353447	 0.9563611745834351	 0.5548544526100159
0.0	 0.0	 0.0	 1.0
58 	 60	 66
0.7660444378852844	 0.3379334509372711	 -0.5467877984046936	 0.4749716520309448
-0.3379334509372711	 0.9353362917900085	 0.10462810844182968	 -0.49205780029296875
0.5467877984046936	 0.10462810844182968	 0.8307081460952759	 1.057329535484314
0.0	 0.0	 0.0	 1.0
58 	 61	 66
-0.6440137624740601	 -0.6867464184761047	 -0.33708393573760986	 -0.05617403984069824
0.5359082221984863	 -0.7194328904151917	 0.44183558225631714	 -0.9257729649543762
-0.5459383130073547	 0.10390215367078781	 0.8313577771186829	 0.6867559552192688
0.0	 0.0	 0.0	 1.0
59 	 60	 66
0.9454514384269714	 0.18608692288398743	 -0.26738211512565613	 0.5069611072540283
-0.1559332311153412	 0.9791643023490906	 0.13008488714694977	 -0.2674795985221863
0.28601810336112976	 -0.0812951922416687	 0.954769492149353	 0.38264983892440796
0.0	 0.0	 0.0	 1.0
59 	 61	 66
0.7660444378852844	 0.3379334509372711	 -0.5467877984046936	 0.9677958488464355
-0.3379334509372711	 0.9353362917900085	 0.10462810844182968	 -0.18909400701522827
0.5467877984046936	 0.10462810844182968	 0.8307081460952759	 0.4911026954650879
0.0	 0.0	 0.0	 1.0
59 	 62	 66
0.3420201539993286	 0.49402564764022827	 -0.7993502616882324	 1.3496112823486328
-0.49402564764022827	 0.818138837814331	 0.2942575514316559	 -0.4516475200653076
0.7993502616882324	 0.2942575514316559	 0.5238813161849976	 0.5685511827468872
0.0	 0.0	 0.0	 1.0
60 	 61	 66
0.9396926164627075	 0.17981062829494476	 -0.29093971848487854	 0.5104079246520996
-0.17981062829494476	 0.9833314418792725	 0.026970280334353447	 -0.03161555528640747
0.29093971848487854	 0.026970280334353447	 0.9563611745834351	 -0.03210341930389404
0.0	 0.0	 0.0	 1.0
60 	 62	 66
0.6427876353263855	 0.40273338556289673	 -0.6516363024711609	 0.9663605690002441
-0.40273338556289673	 0.9012688994407654	 0.15975023806095123	 -0.1769791841506958
0.6516363024711609	 0.15975023806095123	 0.7415186762809753	 -0.01561439037322998
0.0	 0.0	 0.0	 1.0
60 	 63	 66
0.5	 0.45529648661613464	 -0.7366852164268494	 0.7525203227996826
-0.45529648661613464	 0.861803412437439	 0.22360679507255554	 -0.125727117061615
0.7366852164268494	 0.22360679507255554	 0.638196587562561	 -0.03589808940887451
0.0	 0.0	 0.0	 1.0
61 	 62	 66
0.9412842988967896	 0.08058731257915497	 -0.3278559148311615	 0.24657738208770752
-0.0992233157157898	 0.9942411780357361	 -0.04048769548535347	 0.14975321292877197
0.32270506024360657	 0.07064138352870941	 0.9438597559928894	 -0.17397558689117432
0.0	 0.0	 0.0	 1.0
61 	 63	 66
0.7660444378852844	 0.3379334509372711	 -0.5467877984046936	 0.32386314868927
-0.3379334509372711	 0.9353362917900085	 0.10462810844182968	 -0.0488123893737793
0.5467877984046936	 0.10462810844182968	 0.8307081460952759	 -0.040618181228637695
0.0	 0.0	 0.0	 1.0
62 	 63	 66
0.9396926164627075	 0.17981062829494476	 -0.29093971848487854	 0.21504974365234375
-0.17981062829494476	 0.9833314418792725	 0.026970280334353447	 0.007952094078063965
0.29093971848487854	 0.026970280334353447	 0.9563611745834351	 0.08074569702148438
0.0	 0.0	 0.0	 1.0
62 	 64	 66
0.9396926164627075	 0.17981062829494476	 -0.29093971848487854	 0.5430374145507812
-0.17981062829494476	 0.9833314418792725	 0.026970280334353447	 0.06397378444671631
0.29093971848487854	 0.026970280334353447	 0.9563611745834351	 -0.17170023918151855
0.0	 0.0	 0.0	 1.0
63 	 64	 66
1.0	 0.0	 0.0	 -0.49000000953674316
0.0	 1.0	 0.0	 -0.17599999904632568
0.0	 0.0	 1.0	 0.4560002088546753
0.0	 0.0	 0.0	 1.0
64 	 65	 66
0.990056574344635	 -0.06771159172058105	 0.12330117076635361	 -0.5516161918640137
0.08000237494707108	 0.9920029044151306	 -0.09762098640203476	 -0.16159319877624512
-0.11570504307746887	 0.10651468485593796	 0.9875560402870178	 0.6505998969078064
0.0	 0.0	 0.0	 1.0
